# JRE version: OpenJDK Runtime Environment (11.0.11+9) (build 11.0.11+9-b60-7590822)
# Java VM: OpenJDK 64-Bit Server VM (11.0.11+9-b60-7590822, mixed mode, tiered, compressed oops, g1 gc, windows-amd64)
Heap:
 garbage-first heap   total 111616K, used 71957K [0x00000000c9800000, 0x0000000100000000)
  region size 1024K, 21 young (21504K), 4 survivors (4096K)
 Metaspace       used 73782K, capacity 74599K, committed 74704K, reserved 1116160K
  class space    used 8431K, capacity 8779K, committed 8832K, reserved 1048576K
GC Heap History (20 events):
Event: 11.546 GC heap after
{Heap after GC invocations=16 (full 0):
 garbage-first heap   total 69632K, used 30349K [0x00000000c9800000, 0x0000000100000000)
  region size 1024K, 3 young (3072K), 3 survivors (3072K)
 Metaspace       used 48470K, capacity 48978K, committed 49360K, reserved 1093632K
  class space    used 5730K, capacity 5946K, committed 6016K, reserved 1048576K
}
Event: 12.630 GC heap before
{Heap before GC invocations=16 (full 0):
 garbage-first heap   total 69632K, used 46733K [0x00000000c9800000, 0x0000000100000000)
  region size 1024K, 19 young (19456K), 3 survivors (3072K)
 Metaspace       used 51895K, capacity 52458K, committed 52560K, reserved 1095680K
  class space    used 6055K, capacity 6317K, committed 6400K, reserved 1048576K
}
Event: 12.648 GC heap after
{Heap after GC invocations=17 (full 0):
 garbage-first heap   total 69632K, used 32548K [0x00000000c9800000, 0x0000000100000000)
  region size 1024K, 3 young (3072K), 3 survivors (3072K)
 Metaspace       used 51895K, capacity 52458K, committed 52560K, reserved 1095680K
  class space    used 6055K, capacity 6317K, committed 6400K, reserved 1048576K
}
Event: 13.595 GC heap before
{Heap before GC invocations=17 (full 0):
 garbage-first heap   total 69632K, used 48932K [0x00000000c9800000, 0x0000000100000000)
  region size 1024K, 19 young (19456K), 3 survivors (3072K)
 Metaspace       used 52502K, capacity 53099K, committed 53328K, reserved 1095680K
  class space    used 6065K, capacity 6317K, committed 6400K, reserved 1048576K
}
Event: 13.616 GC heap after
{Heap after GC invocations=18 (full 0):
 garbage-first heap   total 69632K, used 35716K [0x00000000c9800000, 0x0000000100000000)
  region size 1024K, 3 young (3072K), 3 survivors (3072K)
 Metaspace       used 52502K, capacity 53099K, committed 53328K, reserved 1095680K
  class space    used 6065K, capacity 6317K, committed 6400K, reserved 1048576K
}
Event: 13.964 GC heap before
{Heap before GC invocations=18 (full 0):
 garbage-first heap   total 69632K, used 51076K [0x00000000c9800000, 0x0000000100000000)
  region size 1024K, 18 young (18432K), 3 survivors (3072K)
 Metaspace       used 52767K, capacity 53392K, committed 53584K, reserved 1097728K
  class space    used 6077K, capacity 6351K, committed 6400K, reserved 1048576K
}
Event: 13.982 GC heap after
{Heap after GC invocations=19 (full 0):
 garbage-first heap   total 69632K, used 38849K [0x00000000c9800000, 0x0000000100000000)
  region size 1024K, 3 young (3072K), 3 survivors (3072K)
 Metaspace       used 52767K, capacity 53392K, committed 53584K, reserved 1097728K
  class space    used 6077K, capacity 6351K, committed 6400K, reserved 1048576K
}
Event: 14.211 GC heap before
{Heap before GC invocations=20 (full 0):
 garbage-first heap   total 69632K, used 53185K [0x00000000c9800000, 0x0000000100000000)
  region size 1024K, 17 young (17408K), 3 survivors (3072K)
 Metaspace       used 52987K, capacity 53597K, committed 53840K, reserved 1097728K
  class space    used 6094K, capacity 6355K, committed 6400K, reserved 1048576K
}
Event: 14.229 GC heap after
{Heap after GC invocations=21 (full 0):
 garbage-first heap   total 86016K, used 40960K [0x00000000c9800000, 0x0000000100000000)
  region size 1024K, 2 young (2048K), 2 survivors (2048K)
 Metaspace       used 52987K, capacity 53597K, committed 53840K, reserved 1097728K
  class space    used 6094K, capacity 6355K, committed 6400K, reserved 1048576K
}
Event: 14.594 GC heap before
{Heap before GC invocations=21 (full 0):
 garbage-first heap   total 86016K, used 59392K [0x00000000c9800000, 0x0000000100000000)
  region size 1024K, 20 young (20480K), 2 survivors (2048K)
 Metaspace       used 55059K, capacity 55730K, committed 55888K, reserved 1099776K
  class space    used 6316K, capacity 6598K, committed 6656K, reserved 1048576K
}
Event: 14.603 GC heap after
{Heap after GC invocations=22 (full 0):
 garbage-first heap   total 86016K, used 41984K [0x00000000c9800000, 0x0000000100000000)
  region size 1024K, 1 young (1024K), 1 survivors (1024K)
 Metaspace       used 55059K, capacity 55730K, committed 55888K, reserved 1099776K
  class space    used 6316K, capacity 6598K, committed 6656K, reserved 1048576K
}
Event: 15.565 GC heap before
{Heap before GC invocations=23 (full 0):
 garbage-first heap   total 86016K, used 61440K [0x00000000c9800000, 0x0000000100000000)
  region size 1024K, 20 young (20480K), 1 survivors (1024K)
 Metaspace       used 59597K, capacity 60317K, committed 60496K, reserved 1101824K
  class space    used 6985K, capacity 7297K, committed 7424K, reserved 1048576K
}
Event: 15.576 GC heap after
{Heap after GC invocations=24 (full 0):
 garbage-first heap   total 86016K, used 43979K [0x00000000c9800000, 0x0000000100000000)
  region size 1024K, 3 young (3072K), 3 survivors (3072K)
 Metaspace       used 59597K, capacity 60317K, committed 60496K, reserved 1101824K
  class space    used 6985K, capacity 7297K, committed 7424K, reserved 1048576K
}
Event: 16.502 GC heap before
{Heap before GC invocations=24 (full 0):
 garbage-first heap   total 86016K, used 63435K [0x00000000c9800000, 0x0000000100000000)
  region size 1024K, 22 young (22528K), 3 survivors (3072K)
 Metaspace       used 63254K, capacity 64047K, committed 64208K, reserved 1105920K
  class space    used 7382K, capacity 7715K, committed 7808K, reserved 1048576K
}
Event: 16.550 GC heap after
{Heap after GC invocations=25 (full 0):
 garbage-first heap   total 86016K, used 46638K [0x00000000c9800000, 0x0000000100000000)
  region size 1024K, 3 young (3072K), 3 survivors (3072K)
 Metaspace       used 63254K, capacity 64047K, committed 64208K, reserved 1105920K
  class space    used 7382K, capacity 7715K, committed 7808K, reserved 1048576K
}
Event: 17.344 GC heap before
{Heap before GC invocations=26 (full 0):
 garbage-first heap   total 86016K, used 64046K [0x00000000c9800000, 0x0000000100000000)
  region size 1024K, 21 young (21504K), 3 survivors (3072K)
 Metaspace       used 66049K, capacity 66839K, committed 67024K, reserved 1107968K
  class space    used 7611K, capacity 7942K, committed 8064K, reserved 1048576K
}
Event: 17.383 GC heap after
{Heap after GC invocations=27 (full 0):
 garbage-first heap   total 111616K, used 48039K [0x00000000c9800000, 0x0000000100000000)
  region size 1024K, 2 young (2048K), 2 survivors (2048K)
 Metaspace       used 66049K, capacity 66839K, committed 67024K, reserved 1107968K
  class space    used 7611K, capacity 7942K, committed 8064K, reserved 1048576K
}
Event: 18.399 GC heap before
{Heap before GC invocations=27 (full 0):
 garbage-first heap   total 111616K, used 75687K [0x00000000c9800000, 0x0000000100000000)
  region size 1024K, 29 young (29696K), 2 survivors (2048K)
 Metaspace       used 69164K, capacity 69979K, committed 70096K, reserved 1112064K
  class space    used 7929K, capacity 8263K, committed 8320K, reserved 1048576K
}
Event: 18.423 GC heap after
{Heap after GC invocations=28 (full 0):
 garbage-first heap   total 111616K, used 51439K [0x00000000c9800000, 0x0000000100000000)
  region size 1024K, 4 young (4096K), 4 survivors (4096K)
 Metaspace       used 69164K, capacity 69979K, committed 70096K, reserved 1112064K
  class space    used 7929K, capacity 8263K, committed 8320K, reserved 1048576K
}
Event: 19.100 GC heap before
{Heap before GC invocations=28 (full 0):
 garbage-first heap   total 111616K, used 79087K [0x00000000c9800000, 0x0000000100000000)
  region size 1024K, 31 young (31744K), 4 survivors (4096K)
 Metaspace       used 71734K, capacity 72539K, committed 72784K, reserved 1114112K
  class space    used 8238K, capacity 8583K, committed 8704K, reserved 1048576K
}

